[INFO][main][2020-04-14 23:40:31][com.wecash.http.cases.identityGetInfo] - 【查询成功】
[INFO][main][2020-04-14 23:40:31][com.wecash.http.cases.identityGetInfo] - -------------> 用例功能描述为：查询成功
[INFO][main][2020-04-14 23:40:31][com.wecash.http.cases.identityGetInfo] - -------------> 期望接口返回为：{
    "resCode": "E0000",
    "resMsg": "成功",
    "successful": 1,
    "data": {
        "tenantId": "1001",
        "tenantUserId": "005",
        "state": 1,
        "name": "小芳",
        "certNo": "341222199303040000"
    }
}
[INFO][main][2020-04-14 23:40:31][com.wecash.http.cases.identityGetInfo] - -------------> 接口实际返回为：{"resCode":"E0000","resMsg":"成功","successful":1,"data":{"tenantId":"1001","tenantUserId":"005","state":1,"name":"小芳","certNo":"341222199303040000"}}
[INFO][main][2020-04-14 23:40:32][com.wecash.http.utils.HttpClientUtils] -  期望字段内容为：Key：data  ： {"certNo":"341222199303040000","tenantId":"1001","name":"小芳","tenantUserId":"005","state":1}
[INFO][main][2020-04-14 23:40:32][com.wecash.http.utils.HttpClientUtils] -  实际字段内容为：Key：data  ： {"certNo":"341222199303040000","tenantId":"1001","name":"小芳","tenantUserId":"005","state":1}
[ERROR][main][2020-04-14 23:40:32][com.wecash.http.utils.HttpClientUtils] -  请完善Json对比类型 ~ ~ ~
[INFO][main][2020-04-14 23:40:32][com.wecash.http.utils.HttpClientUtils] -  期望字段内容为：Key：resCode  ： E0000
[INFO][main][2020-04-14 23:40:32][com.wecash.http.utils.HttpClientUtils] -  实际字段内容为：Key：resCode  ： E0000
[INFO][main][2020-04-14 23:40:32][com.wecash.http.utils.HttpClientUtils] -  实际字段内容为：E0000  期望字段内容为：E0000  对比结果为：true
[INFO][main][2020-04-14 23:40:32][com.wecash.http.utils.HttpClientUtils] -  期望字段内容为：Key：resMsg  ： 成功
[INFO][main][2020-04-14 23:40:32][com.wecash.http.utils.HttpClientUtils] -  实际字段内容为：Key：resMsg  ： 成功
[INFO][main][2020-04-14 23:40:32][com.wecash.http.utils.HttpClientUtils] -  实际字段内容为：成功  期望字段内容为：成功  对比结果为：true
[INFO][main][2020-04-14 23:40:32][com.wecash.http.utils.HttpClientUtils] -  期望字段内容为：Key：successful  ： 1
[INFO][main][2020-04-14 23:40:32][com.wecash.http.utils.HttpClientUtils] -  实际字段内容为：Key：successful  ： 1
[INFO][main][2020-04-14 23:40:32][com.wecash.http.utils.HttpClientUtils] -  实际字段数值为：1  期望字段数值为：1  对比结果为：true
[INFO][main][2020-04-14 23:40:32][com.wecash.http.cases.identityGetInfo] - 预期SQL:
[INFO][main][2020-04-14 23:40:32][com.wecash.http.cases.identityGetInfo] - 【用户不存在】
[INFO][main][2020-04-14 23:40:32][com.wecash.http.cases.identityGetInfo] - -------------> 用例功能描述为：用户不存在
[INFO][main][2020-04-14 23:40:32][com.wecash.http.cases.identityGetInfo] - -------------> 期望接口返回为：{
    "resCode": "USR2002",
    "resMsg": "用户不存在",
    "successful": 0
}
[INFO][main][2020-04-14 23:40:32][com.wecash.http.cases.identityGetInfo] - -------------> 接口实际返回为：{"resCode":"USR2002","resMsg":"用户不存在","successful":0}
[INFO][main][2020-04-14 23:40:32][com.wecash.http.utils.HttpClientUtils] -  期望字段内容为：Key：resCode  ： USR2002
[INFO][main][2020-04-14 23:40:32][com.wecash.http.utils.HttpClientUtils] -  实际字段内容为：Key：resCode  ： USR2002
[INFO][main][2020-04-14 23:40:32][com.wecash.http.utils.HttpClientUtils] -  实际字段内容为：USR2002  期望字段内容为：USR2002  对比结果为：true
[INFO][main][2020-04-14 23:40:32][com.wecash.http.utils.HttpClientUtils] -  期望字段内容为：Key：resMsg  ： 用户不存在
[INFO][main][2020-04-14 23:40:32][com.wecash.http.utils.HttpClientUtils] -  实际字段内容为：Key：resMsg  ： 用户不存在
[INFO][main][2020-04-14 23:40:32][com.wecash.http.utils.HttpClientUtils] -  实际字段内容为：用户不存在  期望字段内容为：用户不存在  对比结果为：true
[INFO][main][2020-04-14 23:40:32][com.wecash.http.utils.HttpClientUtils] -  期望字段内容为：Key：successful  ： 0
[INFO][main][2020-04-14 23:40:32][com.wecash.http.utils.HttpClientUtils] -  实际字段内容为：Key：successful  ： 0
[INFO][main][2020-04-14 23:40:32][com.wecash.http.utils.HttpClientUtils] -  实际字段数值为：0  期望字段数值为：0  对比结果为：true
[INFO][main][2020-04-14 23:40:32][com.wecash.http.cases.identityGetInfo] - 预期SQL:
[INFO][main][2020-04-14 23:45:26][com.wecash.http.cases.identitySubmit] - 【未提交过-提交实名认证成功】
[INFO][main][2020-04-14 23:45:26][com.wecash.http.cases.identitySubmit] - -------------> 用例功能描述为：未提交过-提交实名认证成功
[INFO][main][2020-04-14 23:45:26][com.wecash.http.cases.identitySubmit] - -------------> 期望接口返回为：{
    "resCode": "E0000",
    "resMsg": "成功",
    "successful": 1
}
[INFO][main][2020-04-14 23:45:26][com.wecash.http.cases.identitySubmit] - -------------> 接口实际返回为：{"resCode":"E0000","resMsg":"成功","successful":1}
[INFO][main][2020-04-14 23:45:27][com.wecash.http.utils.HttpClientUtils] -  期望字段内容为：Key：resCode  ： E0000
[INFO][main][2020-04-14 23:45:27][com.wecash.http.utils.HttpClientUtils] -  实际字段内容为：Key：resCode  ： E0000
[INFO][main][2020-04-14 23:45:27][com.wecash.http.utils.HttpClientUtils] -  实际字段内容为：E0000  期望字段内容为：E0000  对比结果为：true
[INFO][main][2020-04-14 23:45:27][com.wecash.http.utils.HttpClientUtils] -  期望字段内容为：Key：resMsg  ： 成功
[INFO][main][2020-04-14 23:45:27][com.wecash.http.utils.HttpClientUtils] -  实际字段内容为：Key：resMsg  ： 成功
[INFO][main][2020-04-14 23:45:27][com.wecash.http.utils.HttpClientUtils] -  实际字段内容为：成功  期望字段内容为：成功  对比结果为：true
[INFO][main][2020-04-14 23:45:27][com.wecash.http.utils.HttpClientUtils] -  期望字段内容为：Key：successful  ： 1
[INFO][main][2020-04-14 23:45:27][com.wecash.http.utils.HttpClientUtils] -  实际字段内容为：Key：successful  ： 1
[INFO][main][2020-04-14 23:45:27][com.wecash.http.utils.HttpClientUtils] -  实际字段数值为：1  期望字段数值为：1  对比结果为：true
[INFO][main][2020-04-14 23:45:59][com.wecash.http.utils.DBUtils] - 当前初始化数据sql执行失败:
insert into user_identity values (50003,693145221335302000,"1001","005",1,"2020-04-10 16:33:55","2020-04-10 16:33:55")
[INFO][main][2020-04-14 23:46:00][com.wecash.http.cases.identitySubmit] - 【提交过-提交实名认证成功-name，certNo不变更】
[INFO][main][2020-04-14 23:46:00][com.wecash.http.cases.identitySubmit] - -------------> 用例功能描述为：提交过-提交实名认证成功-name，certNo不变更
[INFO][main][2020-04-14 23:46:00][com.wecash.http.cases.identitySubmit] - -------------> 期望接口返回为：{
    "resCode": "E0000",
    "resMsg": "成功",
    "successful": 1
}
[INFO][main][2020-04-14 23:46:00][com.wecash.http.cases.identitySubmit] - -------------> 接口实际返回为：{"resCode":"E0000","resMsg":"成功","successful":1}
[INFO][main][2020-04-14 23:46:00][com.wecash.http.utils.HttpClientUtils] -  期望字段内容为：Key：resCode  ： E0000
[INFO][main][2020-04-14 23:46:00][com.wecash.http.utils.HttpClientUtils] -  实际字段内容为：Key：resCode  ： E0000
[INFO][main][2020-04-14 23:46:00][com.wecash.http.utils.HttpClientUtils] -  实际字段内容为：E0000  期望字段内容为：E0000  对比结果为：true
[INFO][main][2020-04-14 23:46:00][com.wecash.http.utils.HttpClientUtils] -  期望字段内容为：Key：resMsg  ： 成功
[INFO][main][2020-04-14 23:46:00][com.wecash.http.utils.HttpClientUtils] -  实际字段内容为：Key：resMsg  ： 成功
[INFO][main][2020-04-14 23:46:00][com.wecash.http.utils.HttpClientUtils] -  实际字段内容为：成功  期望字段内容为：成功  对比结果为：true
[INFO][main][2020-04-14 23:46:00][com.wecash.http.utils.HttpClientUtils] -  期望字段内容为：Key：successful  ： 1
[INFO][main][2020-04-14 23:46:00][com.wecash.http.utils.HttpClientUtils] -  实际字段内容为：Key：successful  ： 1
[INFO][main][2020-04-14 23:46:00][com.wecash.http.utils.HttpClientUtils] -  实际字段数值为：1  期望字段数值为：1  对比结果为：true
[INFO][main][2020-04-14 23:46:35][com.wecash.http.utils.DBUtils] - 当前初始化数据sql执行失败:
insert into user_identity values (50003,693145221335302000,"1001","005",1,"2020-04-10 16:33:55","2020-04-10 16:33:55")
[INFO][main][2020-04-14 23:46:35][com.wecash.http.cases.identitySubmit] - 【提交过-提交实名认证成功-name，certNo变更】
[INFO][main][2020-04-14 23:46:35][com.wecash.http.cases.identitySubmit] - -------------> 用例功能描述为：提交过-提交实名认证成功-name，certNo变更
[INFO][main][2020-04-14 23:46:35][com.wecash.http.cases.identitySubmit] - -------------> 期望接口返回为：{
    "resCode": "E0000",
    "resMsg": "成功",
    "successful": 1
}
[INFO][main][2020-04-14 23:46:35][com.wecash.http.cases.identitySubmit] - -------------> 接口实际返回为：{"resCode":"E0000","resMsg":"成功","successful":1}
[INFO][main][2020-04-14 23:46:35][com.wecash.http.utils.HttpClientUtils] -  期望字段内容为：Key：resCode  ： E0000
[INFO][main][2020-04-14 23:46:35][com.wecash.http.utils.HttpClientUtils] -  实际字段内容为：Key：resCode  ： E0000
[INFO][main][2020-04-14 23:46:35][com.wecash.http.utils.HttpClientUtils] -  实际字段内容为：E0000  期望字段内容为：E0000  对比结果为：true
[INFO][main][2020-04-14 23:46:35][com.wecash.http.utils.HttpClientUtils] -  期望字段内容为：Key：resMsg  ： 成功
[INFO][main][2020-04-14 23:46:35][com.wecash.http.utils.HttpClientUtils] -  实际字段内容为：Key：resMsg  ： 成功
[INFO][main][2020-04-14 23:46:35][com.wecash.http.utils.HttpClientUtils] -  实际字段内容为：成功  期望字段内容为：成功  对比结果为：true
[INFO][main][2020-04-14 23:46:35][com.wecash.http.utils.HttpClientUtils] -  期望字段内容为：Key：successful  ： 1
[INFO][main][2020-04-14 23:46:35][com.wecash.http.utils.HttpClientUtils] -  实际字段内容为：Key：successful  ： 1
[INFO][main][2020-04-14 23:46:35][com.wecash.http.utils.HttpClientUtils] -  实际字段数值为：1  期望字段数值为：1  对比结果为：true
[INFO][main][2020-04-14 23:46:36][com.wecash.http.cases.identitySubmit] - 【用户不存在】
[INFO][main][2020-04-14 23:46:36][com.wecash.http.cases.identitySubmit] - -------------> 用例功能描述为：用户不存在
[INFO][main][2020-04-14 23:46:36][com.wecash.http.cases.identitySubmit] - -------------> 期望接口返回为：{
    "resCode": "USR2002",
    "resMsg": "用户不存在",
    "successful": 0
}
[INFO][main][2020-04-14 23:46:36][com.wecash.http.cases.identitySubmit] - -------------> 接口实际返回为：{"resCode":"USR2002","resMsg":"用户不存在","successful":0}
[INFO][main][2020-04-14 23:46:36][com.wecash.http.utils.HttpClientUtils] -  期望字段内容为：Key：resCode  ： USR2002
[INFO][main][2020-04-14 23:46:36][com.wecash.http.utils.HttpClientUtils] -  实际字段内容为：Key：resCode  ： USR2002
[INFO][main][2020-04-14 23:46:36][com.wecash.http.utils.HttpClientUtils] -  实际字段内容为：USR2002  期望字段内容为：USR2002  对比结果为：true
[INFO][main][2020-04-14 23:46:36][com.wecash.http.utils.HttpClientUtils] -  期望字段内容为：Key：resMsg  ： 用户不存在
[INFO][main][2020-04-14 23:46:36][com.wecash.http.utils.HttpClientUtils] -  实际字段内容为：Key：resMsg  ： 用户不存在
[INFO][main][2020-04-14 23:46:36][com.wecash.http.utils.HttpClientUtils] -  实际字段内容为：用户不存在  期望字段内容为：用户不存在  对比结果为：true
[INFO][main][2020-04-14 23:46:36][com.wecash.http.utils.HttpClientUtils] -  期望字段内容为：Key：successful  ： 0
[INFO][main][2020-04-14 23:46:36][com.wecash.http.utils.HttpClientUtils] -  实际字段内容为：Key：successful  ： 0
[INFO][main][2020-04-14 23:46:36][com.wecash.http.utils.HttpClientUtils] -  实际字段数值为：0  期望字段数值为：0  对比结果为：true
[INFO][main][2020-04-14 23:46:36][com.wecash.http.cases.identitySubmit] - 【必传参数-tenantId为空】
[INFO][main][2020-04-14 23:46:36][com.wecash.http.cases.identitySubmit] - -------------> 用例功能描述为：必传参数-tenantId为空
[INFO][main][2020-04-14 23:46:36][com.wecash.http.cases.identitySubmit] - -------------> 期望接口返回为：{
    "resCode": "E0001",
    "resMsg": "系统错误",
    "successful": 0,
    "data": "Validation failed for argument [0] in public java.lang.Object ***.web.controller.IdentityController.submitIdentityInfo(***.web.request.SubmitIdentityInfoRequest): [Field error in object 'submitIdentityInfoRequest' on field 'tenantId': rejected value []; codes [NotEmpty.submitIdentityInfoRequest.tenantId,NotEmpty.tenantId,NotEmpty.java.lang.String,NotEmpty]; arguments [org.springframework.context.support.DefaultMessageSourceResolvable: codes [submitIdentityInfoRequest.tenantId,tenantId]; arguments []; default message [tenantId]]; default message [用户租户号不允许为空]] "
}
[INFO][main][2020-04-14 23:46:36][com.wecash.http.cases.identitySubmit] - -------------> 接口实际返回为：{"resCode":"E0001","resMsg":"系统错误","successful":0,"data":"Validation failed for argument [0] in public java.lang.Object ***.web.controller.IdentityController.submitIdentityInfo(***.web.request.SubmitIdentityInfoRequest): [Field error in object 'submitIdentityInfoRequest' on field 'tenantId': rejected value []; codes [NotEmpty.submitIdentityInfoRequest.tenantId,NotEmpty.tenantId,NotEmpty.java.lang.String,NotEmpty]; arguments [org.springframework.context.support.DefaultMessageSourceResolvable: codes [submitIdentityInfoRequest.tenantId,tenantId]; arguments []; default message [tenantId]]; default message [用户租户号不允许为空]] "}
[INFO][main][2020-04-14 23:46:36][com.wecash.http.utils.HttpClientUtils] -  期望字段内容为：Key：data  ： Validation failed for argument [0] in public java.lang.Object ***.web.controller.IdentityController.submitIdentityInfo(***.web.request.SubmitIdentityInfoRequest): [Field error in object 'submitIdentityInfoRequest' on field 'tenantId': rejected value []; codes [NotEmpty.submitIdentityInfoRequest.tenantId,NotEmpty.tenantId,NotEmpty.java.lang.String,NotEmpty]; arguments [org.springframework.context.support.DefaultMessageSourceResolvable: codes [submitIdentityInfoRequest.tenantId,tenantId]; arguments []; default message [tenantId]]; default message [用户租户号不允许为空]] 
[INFO][main][2020-04-14 23:46:36][com.wecash.http.utils.HttpClientUtils] -  实际字段内容为：Key：data  ： Validation failed for argument [0] in public java.lang.Object ***.web.controller.IdentityController.submitIdentityInfo(***.web.request.SubmitIdentityInfoRequest): [Field error in object 'submitIdentityInfoRequest' on field 'tenantId': rejected value []; codes [NotEmpty.submitIdentityInfoRequest.tenantId,NotEmpty.tenantId,NotEmpty.java.lang.String,NotEmpty]; arguments [org.springframework.context.support.DefaultMessageSourceResolvable: codes [submitIdentityInfoRequest.tenantId,tenantId]; arguments []; default message [tenantId]]; default message [用户租户号不允许为空]] 
[INFO][main][2020-04-14 23:46:36][com.wecash.http.utils.HttpClientUtils] -  实际字段内容为：Validation failed for argument [0] in public java.lang.Object ***.web.controller.IdentityController.submitIdentityInfo(***.web.request.SubmitIdentityInfoRequest): [Field error in object 'submitIdentityInfoRequest' on field 'tenantId': rejected value []; codes [NotEmpty.submitIdentityInfoRequest.tenantId,NotEmpty.tenantId,NotEmpty.java.lang.String,NotEmpty]; arguments [org.springframework.context.support.DefaultMessageSourceResolvable: codes [submitIdentityInfoRequest.tenantId,tenantId]; arguments []; default message [tenantId]]; default message [用户租户号不允许为空]]   期望字段内容为：Validation failed for argument [0] in public java.lang.Object ***.web.controller.IdentityController.submitIdentityInfo(***.web.request.SubmitIdentityInfoRequest): [Field error in object 'submitIdentityInfoRequest' on field 'tenantId': rejected value []; codes [NotEmpty.submitIdentityInfoRequest.tenantId,NotEmpty.tenantId,NotEmpty.java.lang.String,NotEmpty]; arguments [org.springframework.context.support.DefaultMessageSourceResolvable: codes [submitIdentityInfoRequest.tenantId,tenantId]; arguments []; default message [tenantId]]; default message [用户租户号不允许为空]]   对比结果为：true
[INFO][main][2020-04-14 23:46:36][com.wecash.http.utils.HttpClientUtils] -  期望字段内容为：Key：resCode  ： E0001
[INFO][main][2020-04-14 23:46:36][com.wecash.http.utils.HttpClientUtils] -  实际字段内容为：Key：resCode  ： E0001
[INFO][main][2020-04-14 23:46:36][com.wecash.http.utils.HttpClientUtils] -  实际字段内容为：E0001  期望字段内容为：E0001  对比结果为：true
[INFO][main][2020-04-14 23:46:36][com.wecash.http.utils.HttpClientUtils] -  期望字段内容为：Key：resMsg  ： 系统错误
[INFO][main][2020-04-14 23:46:36][com.wecash.http.utils.HttpClientUtils] -  实际字段内容为：Key：resMsg  ： 系统错误
[INFO][main][2020-04-14 23:46:36][com.wecash.http.utils.HttpClientUtils] -  实际字段内容为：系统错误  期望字段内容为：系统错误  对比结果为：true
[INFO][main][2020-04-14 23:46:36][com.wecash.http.utils.HttpClientUtils] -  期望字段内容为：Key：successful  ： 0
[INFO][main][2020-04-14 23:46:36][com.wecash.http.utils.HttpClientUtils] -  实际字段内容为：Key：successful  ： 0
[INFO][main][2020-04-14 23:46:36][com.wecash.http.utils.HttpClientUtils] -  实际字段数值为：0  期望字段数值为：0  对比结果为：true
[INFO][main][2020-04-14 23:46:37][com.wecash.http.cases.identitySubmit] - 【必传参数-tenantUserId为空】
[INFO][main][2020-04-14 23:46:37][com.wecash.http.cases.identitySubmit] - -------------> 用例功能描述为：必传参数-tenantUserId为空
[INFO][main][2020-04-14 23:46:37][com.wecash.http.cases.identitySubmit] - -------------> 期望接口返回为：{
    "resCode": "E0001",
    "resMsg": "系统错误",
    "successful": 0,
    "data": "Validation failed for argument [0] in public java.lang.Object ***.web.controller.IdentityController.submitIdentityInfo(***.web.request.SubmitIdentityInfoRequest): [Field error in object 'submitIdentityInfoRequest' on field 'tenantUserId': rejected value []; codes [NotBlank.submitIdentityInfoRequest.tenantUserId,NotBlank.tenantUserId,NotBlank.java.lang.String,NotBlank]; arguments [org.springframework.context.support.DefaultMessageSourceResolvable: codes [submitIdentityInfoRequest.tenantUserId,tenantUserId]; arguments []; default message [tenantUserId]]; default message [渠道用户id不允许为空]] "
}
[INFO][main][2020-04-14 23:46:37][com.wecash.http.cases.identitySubmit] - -------------> 接口实际返回为：{"resCode":"E0001","resMsg":"系统错误","successful":0,"data":"Validation failed for argument [0] in public java.lang.Object ***.web.controller.IdentityController.submitIdentityInfo(***.web.request.SubmitIdentityInfoRequest): [Field error in object 'submitIdentityInfoRequest' on field 'tenantUserId': rejected value []; codes [NotBlank.submitIdentityInfoRequest.tenantUserId,NotBlank.tenantUserId,NotBlank.java.lang.String,NotBlank]; arguments [org.springframework.context.support.DefaultMessageSourceResolvable: codes [submitIdentityInfoRequest.tenantUserId,tenantUserId]; arguments []; default message [tenantUserId]]; default message [渠道用户id不允许为空]] "}
[INFO][main][2020-04-14 23:46:37][com.wecash.http.utils.HttpClientUtils] -  期望字段内容为：Key：data  ： Validation failed for argument [0] in public java.lang.Object ***.web.controller.IdentityController.submitIdentityInfo(***.web.request.SubmitIdentityInfoRequest): [Field error in object 'submitIdentityInfoRequest' on field 'tenantUserId': rejected value []; codes [NotBlank.submitIdentityInfoRequest.tenantUserId,NotBlank.tenantUserId,NotBlank.java.lang.String,NotBlank]; arguments [org.springframework.context.support.DefaultMessageSourceResolvable: codes [submitIdentityInfoRequest.tenantUserId,tenantUserId]; arguments []; default message [tenantUserId]]; default message [渠道用户id不允许为空]] 
[INFO][main][2020-04-14 23:46:37][com.wecash.http.utils.HttpClientUtils] -  实际字段内容为：Key：data  ： Validation failed for argument [0] in public java.lang.Object ***.web.controller.IdentityController.submitIdentityInfo(***.web.request.SubmitIdentityInfoRequest): [Field error in object 'submitIdentityInfoRequest' on field 'tenantUserId': rejected value []; codes [NotBlank.submitIdentityInfoRequest.tenantUserId,NotBlank.tenantUserId,NotBlank.java.lang.String,NotBlank]; arguments [org.springframework.context.support.DefaultMessageSourceResolvable: codes [submitIdentityInfoRequest.tenantUserId,tenantUserId]; arguments []; default message [tenantUserId]]; default message [渠道用户id不允许为空]] 
[INFO][main][2020-04-14 23:46:37][com.wecash.http.utils.HttpClientUtils] -  实际字段内容为：Validation failed for argument [0] in public java.lang.Object ***.web.controller.IdentityController.submitIdentityInfo(***.web.request.SubmitIdentityInfoRequest): [Field error in object 'submitIdentityInfoRequest' on field 'tenantUserId': rejected value []; codes [NotBlank.submitIdentityInfoRequest.tenantUserId,NotBlank.tenantUserId,NotBlank.java.lang.String,NotBlank]; arguments [org.springframework.context.support.DefaultMessageSourceResolvable: codes [submitIdentityInfoRequest.tenantUserId,tenantUserId]; arguments []; default message [tenantUserId]]; default message [渠道用户id不允许为空]]   期望字段内容为：Validation failed for argument [0] in public java.lang.Object ***.web.controller.IdentityController.submitIdentityInfo(***.web.request.SubmitIdentityInfoRequest): [Field error in object 'submitIdentityInfoRequest' on field 'tenantUserId': rejected value []; codes [NotBlank.submitIdentityInfoRequest.tenantUserId,NotBlank.tenantUserId,NotBlank.java.lang.String,NotBlank]; arguments [org.springframework.context.support.DefaultMessageSourceResolvable: codes [submitIdentityInfoRequest.tenantUserId,tenantUserId]; arguments []; default message [tenantUserId]]; default message [渠道用户id不允许为空]]   对比结果为：true
[INFO][main][2020-04-14 23:46:37][com.wecash.http.utils.HttpClientUtils] -  期望字段内容为：Key：resCode  ： E0001
[INFO][main][2020-04-14 23:46:37][com.wecash.http.utils.HttpClientUtils] -  实际字段内容为：Key：resCode  ： E0001
[INFO][main][2020-04-14 23:46:37][com.wecash.http.utils.HttpClientUtils] -  实际字段内容为：E0001  期望字段内容为：E0001  对比结果为：true
[INFO][main][2020-04-14 23:46:37][com.wecash.http.utils.HttpClientUtils] -  期望字段内容为：Key：resMsg  ： 系统错误
[INFO][main][2020-04-14 23:46:37][com.wecash.http.utils.HttpClientUtils] -  实际字段内容为：Key：resMsg  ： 系统错误
[INFO][main][2020-04-14 23:46:37][com.wecash.http.utils.HttpClientUtils] -  实际字段内容为：系统错误  期望字段内容为：系统错误  对比结果为：true
[INFO][main][2020-04-14 23:46:37][com.wecash.http.utils.HttpClientUtils] -  期望字段内容为：Key：successful  ： 0
[INFO][main][2020-04-14 23:46:37][com.wecash.http.utils.HttpClientUtils] -  实际字段内容为：Key：successful  ： 0
[INFO][main][2020-04-14 23:46:37][com.wecash.http.utils.HttpClientUtils] -  实际字段数值为：0  期望字段数值为：0  对比结果为：true
[INFO][main][2020-04-14 23:46:37][com.wecash.http.cases.identitySubmit] - 【必传参数-name为空】
[INFO][main][2020-04-14 23:46:37][com.wecash.http.cases.identitySubmit] - -------------> 用例功能描述为：必传参数-name为空
[INFO][main][2020-04-14 23:46:37][com.wecash.http.cases.identitySubmit] - -------------> 期望接口返回为：{
    "resCode": "E0001",
    "resMsg": "系统错误",
    "successful": 0,
    "data": "Validation failed for argument [0] in public java.lang.Object ***.web.controller.IdentityController.submitIdentityInfo(***.web.request.SubmitIdentityInfoRequest): [Field error in object 'submitIdentityInfoRequest' on field 'name': rejected value []; codes [NotBlank.submitIdentityInfoRequest.name,NotBlank.name,NotBlank.java.lang.String,NotBlank]; arguments [org.springframework.context.support.DefaultMessageSourceResolvable: codes [submitIdentityInfoRequest.name,name]; arguments []; default message [name]]; default message [用户名字不允许为空]] "
}
[INFO][main][2020-04-14 23:46:37][com.wecash.http.cases.identitySubmit] - -------------> 接口实际返回为：{"resCode":"E0001","resMsg":"系统错误","successful":0,"data":"Validation failed for argument [0] in public java.lang.Object ***.web.controller.IdentityController.submitIdentityInfo(***.web.request.SubmitIdentityInfoRequest): [Field error in object 'submitIdentityInfoRequest' on field 'name': rejected value []; codes [NotBlank.submitIdentityInfoRequest.name,NotBlank.name,NotBlank.java.lang.String,NotBlank]; arguments [org.springframework.context.support.DefaultMessageSourceResolvable: codes [submitIdentityInfoRequest.name,name]; arguments []; default message [name]]; default message [用户名字不允许为空]] "}
[INFO][main][2020-04-14 23:46:37][com.wecash.http.utils.HttpClientUtils] -  期望字段内容为：Key：data  ： Validation failed for argument [0] in public java.lang.Object ***.web.controller.IdentityController.submitIdentityInfo(***.web.request.SubmitIdentityInfoRequest): [Field error in object 'submitIdentityInfoRequest' on field 'name': rejected value []; codes [NotBlank.submitIdentityInfoRequest.name,NotBlank.name,NotBlank.java.lang.String,NotBlank]; arguments [org.springframework.context.support.DefaultMessageSourceResolvable: codes [submitIdentityInfoRequest.name,name]; arguments []; default message [name]]; default message [用户名字不允许为空]] 
[INFO][main][2020-04-14 23:46:37][com.wecash.http.utils.HttpClientUtils] -  实际字段内容为：Key：data  ： Validation failed for argument [0] in public java.lang.Object ***.web.controller.IdentityController.submitIdentityInfo(***.web.request.SubmitIdentityInfoRequest): [Field error in object 'submitIdentityInfoRequest' on field 'name': rejected value []; codes [NotBlank.submitIdentityInfoRequest.name,NotBlank.name,NotBlank.java.lang.String,NotBlank]; arguments [org.springframework.context.support.DefaultMessageSourceResolvable: codes [submitIdentityInfoRequest.name,name]; arguments []; default message [name]]; default message [用户名字不允许为空]] 
[INFO][main][2020-04-14 23:46:37][com.wecash.http.utils.HttpClientUtils] -  实际字段内容为：Validation failed for argument [0] in public java.lang.Object ***.web.controller.IdentityController.submitIdentityInfo(***.web.request.SubmitIdentityInfoRequest): [Field error in object 'submitIdentityInfoRequest' on field 'name': rejected value []; codes [NotBlank.submitIdentityInfoRequest.name,NotBlank.name,NotBlank.java.lang.String,NotBlank]; arguments [org.springframework.context.support.DefaultMessageSourceResolvable: codes [submitIdentityInfoRequest.name,name]; arguments []; default message [name]]; default message [用户名字不允许为空]]   期望字段内容为：Validation failed for argument [0] in public java.lang.Object ***.web.controller.IdentityController.submitIdentityInfo(***.web.request.SubmitIdentityInfoRequest): [Field error in object 'submitIdentityInfoRequest' on field 'name': rejected value []; codes [NotBlank.submitIdentityInfoRequest.name,NotBlank.name,NotBlank.java.lang.String,NotBlank]; arguments [org.springframework.context.support.DefaultMessageSourceResolvable: codes [submitIdentityInfoRequest.name,name]; arguments []; default message [name]]; default message [用户名字不允许为空]]   对比结果为：true
[INFO][main][2020-04-14 23:46:37][com.wecash.http.utils.HttpClientUtils] -  期望字段内容为：Key：resCode  ： E0001
[INFO][main][2020-04-14 23:46:37][com.wecash.http.utils.HttpClientUtils] -  实际字段内容为：Key：resCode  ： E0001
[INFO][main][2020-04-14 23:46:37][com.wecash.http.utils.HttpClientUtils] -  实际字段内容为：E0001  期望字段内容为：E0001  对比结果为：true
[INFO][main][2020-04-14 23:46:37][com.wecash.http.utils.HttpClientUtils] -  期望字段内容为：Key：resMsg  ： 系统错误
[INFO][main][2020-04-14 23:46:37][com.wecash.http.utils.HttpClientUtils] -  实际字段内容为：Key：resMsg  ： 系统错误
[INFO][main][2020-04-14 23:46:37][com.wecash.http.utils.HttpClientUtils] -  实际字段内容为：系统错误  期望字段内容为：系统错误  对比结果为：true
[INFO][main][2020-04-14 23:46:37][com.wecash.http.utils.HttpClientUtils] -  期望字段内容为：Key：successful  ： 0
[INFO][main][2020-04-14 23:46:37][com.wecash.http.utils.HttpClientUtils] -  实际字段内容为：Key：successful  ： 0
[INFO][main][2020-04-14 23:46:37][com.wecash.http.utils.HttpClientUtils] -  实际字段数值为：0  期望字段数值为：0  对比结果为：true
[INFO][main][2020-04-14 23:47:33][com.wecash.http.cases.identitySubmit] - 【未提交过-提交实名认证成功】
[INFO][main][2020-04-14 23:47:33][com.wecash.http.cases.identitySubmit] - -------------> 用例功能描述为：未提交过-提交实名认证成功
[INFO][main][2020-04-14 23:47:33][com.wecash.http.cases.identitySubmit] - -------------> 期望接口返回为：{
    "resCode": "E0000",
    "resMsg": "成功",
    "successful": 1
}
[INFO][main][2020-04-14 23:47:33][com.wecash.http.cases.identitySubmit] - -------------> 接口实际返回为：{"resCode":"E0000","resMsg":"成功","successful":1}
[INFO][main][2020-04-14 23:47:33][com.wecash.http.utils.HttpClientUtils] -  期望字段内容为：Key：resCode  ： E0000
[INFO][main][2020-04-14 23:47:33][com.wecash.http.utils.HttpClientUtils] -  实际字段内容为：Key：resCode  ： E0000
[INFO][main][2020-04-14 23:47:33][com.wecash.http.utils.HttpClientUtils] -  实际字段内容为：E0000  期望字段内容为：E0000  对比结果为：true
[INFO][main][2020-04-14 23:47:33][com.wecash.http.utils.HttpClientUtils] -  期望字段内容为：Key：resMsg  ： 成功
[INFO][main][2020-04-14 23:47:33][com.wecash.http.utils.HttpClientUtils] -  实际字段内容为：Key：resMsg  ： 成功
[INFO][main][2020-04-14 23:47:33][com.wecash.http.utils.HttpClientUtils] -  实际字段内容为：成功  期望字段内容为：成功  对比结果为：true
[INFO][main][2020-04-14 23:47:33][com.wecash.http.utils.HttpClientUtils] -  期望字段内容为：Key：successful  ： 1
[INFO][main][2020-04-14 23:47:33][com.wecash.http.utils.HttpClientUtils] -  实际字段内容为：Key：successful  ： 1
[INFO][main][2020-04-14 23:47:33][com.wecash.http.utils.HttpClientUtils] -  实际字段数值为：1  期望字段数值为：1  对比结果为：true
[INFO][main][2020-04-14 23:47:33][com.wecash.http.cases.identitySubmit] - 预期SQL:693145221335302000
[INFO][main][2020-04-14 23:47:34][com.wecash.http.cases.identitySubmit] - 数据库查询结果：50003693145221335302000100100512020-04-10 16:33:552020-04-10 16:33:55
[INFO][main][2020-04-14 23:48:03][com.wecash.http.utils.DBUtils] - 当前初始化数据sql执行失败:
insert into user_identity values (50003,693145221335302000,"1001","005",1,"2020-04-10 16:33:55","2020-04-10 16:33:55")
[INFO][main][2020-04-14 23:48:04][com.wecash.http.cases.identitySubmit] - 【提交过-提交实名认证成功-name，certNo不变更】
[INFO][main][2020-04-14 23:48:04][com.wecash.http.cases.identitySubmit] - -------------> 用例功能描述为：提交过-提交实名认证成功-name，certNo不变更
[INFO][main][2020-04-14 23:48:04][com.wecash.http.cases.identitySubmit] - -------------> 期望接口返回为：{
    "resCode": "E0000",
    "resMsg": "成功",
    "successful": 1
}
[INFO][main][2020-04-14 23:48:04][com.wecash.http.cases.identitySubmit] - -------------> 接口实际返回为：{"resCode":"E0000","resMsg":"成功","successful":1}
[INFO][main][2020-04-14 23:48:04][com.wecash.http.utils.HttpClientUtils] -  期望字段内容为：Key：resCode  ： E0000
[INFO][main][2020-04-14 23:48:04][com.wecash.http.utils.HttpClientUtils] -  实际字段内容为：Key：resCode  ： E0000
[INFO][main][2020-04-14 23:48:04][com.wecash.http.utils.HttpClientUtils] -  实际字段内容为：E0000  期望字段内容为：E0000  对比结果为：true
[INFO][main][2020-04-14 23:48:04][com.wecash.http.utils.HttpClientUtils] -  期望字段内容为：Key：resMsg  ： 成功
[INFO][main][2020-04-14 23:48:04][com.wecash.http.utils.HttpClientUtils] -  实际字段内容为：Key：resMsg  ： 成功
[INFO][main][2020-04-14 23:48:04][com.wecash.http.utils.HttpClientUtils] -  实际字段内容为：成功  期望字段内容为：成功  对比结果为：true
[INFO][main][2020-04-14 23:48:04][com.wecash.http.utils.HttpClientUtils] -  期望字段内容为：Key：successful  ： 1
[INFO][main][2020-04-14 23:48:04][com.wecash.http.utils.HttpClientUtils] -  实际字段内容为：Key：successful  ： 1
[INFO][main][2020-04-14 23:48:04][com.wecash.http.utils.HttpClientUtils] -  实际字段数值为：1  期望字段数值为：1  对比结果为：true
[INFO][main][2020-04-14 23:48:04][com.wecash.http.cases.identitySubmit] - 预期SQL:c**
[INFO][main][2020-04-14 23:48:11][com.wecash.http.cases.identitySubmit] - 数据库查询结果：c**
[INFO][main][2020-04-14 23:48:43][com.wecash.http.utils.DBUtils] - 当前初始化数据sql执行失败:
insert into user_identity values (50003,693145221335302000,"1001","005",1,"2020-04-10 16:33:55","2020-04-10 16:33:55")
[INFO][main][2020-04-14 23:48:44][com.wecash.http.cases.identitySubmit] - 【提交过-提交实名认证成功-name，certNo变更】
[INFO][main][2020-04-14 23:48:44][com.wecash.http.cases.identitySubmit] - -------------> 用例功能描述为：提交过-提交实名认证成功-name，certNo变更
[INFO][main][2020-04-14 23:48:44][com.wecash.http.cases.identitySubmit] - -------------> 期望接口返回为：{
    "resCode": "E0000",
    "resMsg": "成功",
    "successful": 1
}
[INFO][main][2020-04-14 23:48:44][com.wecash.http.cases.identitySubmit] - -------------> 接口实际返回为：{"resCode":"E0000","resMsg":"成功","successful":1}
[INFO][main][2020-04-14 23:48:44][com.wecash.http.utils.HttpClientUtils] -  期望字段内容为：Key：resCode  ： E0000
[INFO][main][2020-04-14 23:48:44][com.wecash.http.utils.HttpClientUtils] -  实际字段内容为：Key：resCode  ： E0000
[INFO][main][2020-04-14 23:48:44][com.wecash.http.utils.HttpClientUtils] -  实际字段内容为：E0000  期望字段内容为：E0000  对比结果为：true
[INFO][main][2020-04-14 23:48:44][com.wecash.http.utils.HttpClientUtils] -  期望字段内容为：Key：resMsg  ： 成功
[INFO][main][2020-04-14 23:48:44][com.wecash.http.utils.HttpClientUtils] -  实际字段内容为：Key：resMsg  ： 成功
[INFO][main][2020-04-14 23:48:44][com.wecash.http.utils.HttpClientUtils] -  实际字段内容为：成功  期望字段内容为：成功  对比结果为：true
[INFO][main][2020-04-14 23:48:44][com.wecash.http.utils.HttpClientUtils] -  期望字段内容为：Key：successful  ： 1
[INFO][main][2020-04-14 23:48:44][com.wecash.http.utils.HttpClientUtils] -  实际字段内容为：Key：successful  ： 1
[INFO][main][2020-04-14 23:48:44][com.wecash.http.utils.HttpClientUtils] -  实际字段数值为：1  期望字段数值为：1  对比结果为：true
[INFO][main][2020-04-14 23:48:44][com.wecash.http.cases.identitySubmit] - 预期SQL:6321**********0011
[INFO][main][2020-04-14 23:48:51][com.wecash.http.cases.identitySubmit] - 数据库查询结果：6321**********0011
[INFO][main][2020-04-14 23:48:51][com.wecash.http.cases.identitySubmit] - 【用户不存在】
[INFO][main][2020-04-14 23:48:51][com.wecash.http.cases.identitySubmit] - -------------> 用例功能描述为：用户不存在
[INFO][main][2020-04-14 23:48:51][com.wecash.http.cases.identitySubmit] - -------------> 期望接口返回为：{
    "resCode": "USR2002",
    "resMsg": "用户不存在",
    "successful": 0
}
[INFO][main][2020-04-14 23:48:51][com.wecash.http.cases.identitySubmit] - -------------> 接口实际返回为：{"resCode":"USR2002","resMsg":"用户不存在","successful":0}
[INFO][main][2020-04-14 23:48:51][com.wecash.http.utils.HttpClientUtils] -  期望字段内容为：Key：resCode  ： USR2002
[INFO][main][2020-04-14 23:48:51][com.wecash.http.utils.HttpClientUtils] -  实际字段内容为：Key：resCode  ： USR2002
[INFO][main][2020-04-14 23:48:51][com.wecash.http.utils.HttpClientUtils] -  实际字段内容为：USR2002  期望字段内容为：USR2002  对比结果为：true
[INFO][main][2020-04-14 23:48:51][com.wecash.http.utils.HttpClientUtils] -  期望字段内容为：Key：resMsg  ： 用户不存在
[INFO][main][2020-04-14 23:48:51][com.wecash.http.utils.HttpClientUtils] -  实际字段内容为：Key：resMsg  ： 用户不存在
[INFO][main][2020-04-14 23:48:51][com.wecash.http.utils.HttpClientUtils] -  实际字段内容为：用户不存在  期望字段内容为：用户不存在  对比结果为：true
[INFO][main][2020-04-14 23:48:51][com.wecash.http.utils.HttpClientUtils] -  期望字段内容为：Key：successful  ： 0
[INFO][main][2020-04-14 23:48:51][com.wecash.http.utils.HttpClientUtils] -  实际字段内容为：Key：successful  ： 0
[INFO][main][2020-04-14 23:48:51][com.wecash.http.utils.HttpClientUtils] -  实际字段数值为：0  期望字段数值为：0  对比结果为：true
[INFO][main][2020-04-14 23:48:51][com.wecash.http.cases.identitySubmit] - 预期SQL:
[INFO][main][2020-04-14 23:48:52][com.wecash.http.cases.identitySubmit] - 【必传参数-tenantId为空】
[INFO][main][2020-04-14 23:48:52][com.wecash.http.cases.identitySubmit] - -------------> 用例功能描述为：必传参数-tenantId为空
[INFO][main][2020-04-14 23:48:52][com.wecash.http.cases.identitySubmit] - -------------> 期望接口返回为：{
    "resCode": "E0001",
    "resMsg": "系统错误",
    "successful": 0,
    "data": "Validation failed for argument [0] in public java.lang.Object ***.web.controller.IdentityController.submitIdentityInfo(***.web.request.SubmitIdentityInfoRequest): [Field error in object 'submitIdentityInfoRequest' on field 'tenantId': rejected value []; codes [NotEmpty.submitIdentityInfoRequest.tenantId,NotEmpty.tenantId,NotEmpty.java.lang.String,NotEmpty]; arguments [org.springframework.context.support.DefaultMessageSourceResolvable: codes [submitIdentityInfoRequest.tenantId,tenantId]; arguments []; default message [tenantId]]; default message [用户租户号不允许为空]] "
}
[INFO][main][2020-04-14 23:48:52][com.wecash.http.cases.identitySubmit] - -------------> 接口实际返回为：{"resCode":"E0001","resMsg":"系统错误","successful":0,"data":"Validation failed for argument [0] in public java.lang.Object ***.web.controller.IdentityController.submitIdentityInfo(***.web.request.SubmitIdentityInfoRequest): [Field error in object 'submitIdentityInfoRequest' on field 'tenantId': rejected value []; codes [NotEmpty.submitIdentityInfoRequest.tenantId,NotEmpty.tenantId,NotEmpty.java.lang.String,NotEmpty]; arguments [org.springframework.context.support.DefaultMessageSourceResolvable: codes [submitIdentityInfoRequest.tenantId,tenantId]; arguments []; default message [tenantId]]; default message [用户租户号不允许为空]] "}
[INFO][main][2020-04-14 23:48:52][com.wecash.http.utils.HttpClientUtils] -  期望字段内容为：Key：data  ： Validation failed for argument [0] in public java.lang.Object ***.web.controller.IdentityController.submitIdentityInfo(***.web.request.SubmitIdentityInfoRequest): [Field error in object 'submitIdentityInfoRequest' on field 'tenantId': rejected value []; codes [NotEmpty.submitIdentityInfoRequest.tenantId,NotEmpty.tenantId,NotEmpty.java.lang.String,NotEmpty]; arguments [org.springframework.context.support.DefaultMessageSourceResolvable: codes [submitIdentityInfoRequest.tenantId,tenantId]; arguments []; default message [tenantId]]; default message [用户租户号不允许为空]] 
[INFO][main][2020-04-14 23:48:52][com.wecash.http.utils.HttpClientUtils] -  实际字段内容为：Key：data  ： Validation failed for argument [0] in public java.lang.Object ***.web.controller.IdentityController.submitIdentityInfo(***.web.request.SubmitIdentityInfoRequest): [Field error in object 'submitIdentityInfoRequest' on field 'tenantId': rejected value []; codes [NotEmpty.submitIdentityInfoRequest.tenantId,NotEmpty.tenantId,NotEmpty.java.lang.String,NotEmpty]; arguments [org.springframework.context.support.DefaultMessageSourceResolvable: codes [submitIdentityInfoRequest.tenantId,tenantId]; arguments []; default message [tenantId]]; default message [用户租户号不允许为空]] 
[INFO][main][2020-04-14 23:48:52][com.wecash.http.utils.HttpClientUtils] -  实际字段内容为：Validation failed for argument [0] in public java.lang.Object ***.web.controller.IdentityController.submitIdentityInfo(***.web.request.SubmitIdentityInfoRequest): [Field error in object 'submitIdentityInfoRequest' on field 'tenantId': rejected value []; codes [NotEmpty.submitIdentityInfoRequest.tenantId,NotEmpty.tenantId,NotEmpty.java.lang.String,NotEmpty]; arguments [org.springframework.context.support.DefaultMessageSourceResolvable: codes [submitIdentityInfoRequest.tenantId,tenantId]; arguments []; default message [tenantId]]; default message [用户租户号不允许为空]]   期望字段内容为：Validation failed for argument [0] in public java.lang.Object ***.web.controller.IdentityController.submitIdentityInfo(***.web.request.SubmitIdentityInfoRequest): [Field error in object 'submitIdentityInfoRequest' on field 'tenantId': rejected value []; codes [NotEmpty.submitIdentityInfoRequest.tenantId,NotEmpty.tenantId,NotEmpty.java.lang.String,NotEmpty]; arguments [org.springframework.context.support.DefaultMessageSourceResolvable: codes [submitIdentityInfoRequest.tenantId,tenantId]; arguments []; default message [tenantId]]; default message [用户租户号不允许为空]]   对比结果为：true
[INFO][main][2020-04-14 23:48:52][com.wecash.http.utils.HttpClientUtils] -  期望字段内容为：Key：resCode  ： E0001
[INFO][main][2020-04-14 23:48:52][com.wecash.http.utils.HttpClientUtils] -  实际字段内容为：Key：resCode  ： E0001
[INFO][main][2020-04-14 23:48:52][com.wecash.http.utils.HttpClientUtils] -  实际字段内容为：E0001  期望字段内容为：E0001  对比结果为：true
[INFO][main][2020-04-14 23:48:52][com.wecash.http.utils.HttpClientUtils] -  期望字段内容为：Key：resMsg  ： 系统错误
[INFO][main][2020-04-14 23:48:52][com.wecash.http.utils.HttpClientUtils] -  实际字段内容为：Key：resMsg  ： 系统错误
[INFO][main][2020-04-14 23:48:52][com.wecash.http.utils.HttpClientUtils] -  实际字段内容为：系统错误  期望字段内容为：系统错误  对比结果为：true
[INFO][main][2020-04-14 23:48:52][com.wecash.http.utils.HttpClientUtils] -  期望字段内容为：Key：successful  ： 0
[INFO][main][2020-04-14 23:48:52][com.wecash.http.utils.HttpClientUtils] -  实际字段内容为：Key：successful  ： 0
[INFO][main][2020-04-14 23:48:52][com.wecash.http.utils.HttpClientUtils] -  实际字段数值为：0  期望字段数值为：0  对比结果为：true
[INFO][main][2020-04-14 23:48:52][com.wecash.http.cases.identitySubmit] - 预期SQL:
[INFO][main][2020-04-14 23:48:52][com.wecash.http.cases.identitySubmit] - 【必传参数-tenantUserId为空】
[INFO][main][2020-04-14 23:48:52][com.wecash.http.cases.identitySubmit] - -------------> 用例功能描述为：必传参数-tenantUserId为空
[INFO][main][2020-04-14 23:48:52][com.wecash.http.cases.identitySubmit] - -------------> 期望接口返回为：{
    "resCode": "E0001",
    "resMsg": "系统错误",
    "successful": 0,
    "data": "Validation failed for argument [0] in public java.lang.Object ***.web.controller.IdentityController.submitIdentityInfo(***.web.request.SubmitIdentityInfoRequest): [Field error in object 'submitIdentityInfoRequest' on field 'tenantUserId': rejected value []; codes [NotBlank.submitIdentityInfoRequest.tenantUserId,NotBlank.tenantUserId,NotBlank.java.lang.String,NotBlank]; arguments [org.springframework.context.support.DefaultMessageSourceResolvable: codes [submitIdentityInfoRequest.tenantUserId,tenantUserId]; arguments []; default message [tenantUserId]]; default message [渠道用户id不允许为空]] "
}
[INFO][main][2020-04-14 23:48:52][com.wecash.http.cases.identitySubmit] - -------------> 接口实际返回为：{"resCode":"E0001","resMsg":"系统错误","successful":0,"data":"Validation failed for argument [0] in public java.lang.Object ***.web.controller.IdentityController.submitIdentityInfo(***.web.request.SubmitIdentityInfoRequest): [Field error in object 'submitIdentityInfoRequest' on field 'tenantUserId': rejected value []; codes [NotBlank.submitIdentityInfoRequest.tenantUserId,NotBlank.tenantUserId,NotBlank.java.lang.String,NotBlank]; arguments [org.springframework.context.support.DefaultMessageSourceResolvable: codes [submitIdentityInfoRequest.tenantUserId,tenantUserId]; arguments []; default message [tenantUserId]]; default message [渠道用户id不允许为空]] "}
[INFO][main][2020-04-14 23:48:52][com.wecash.http.utils.HttpClientUtils] -  期望字段内容为：Key：data  ： Validation failed for argument [0] in public java.lang.Object ***.web.controller.IdentityController.submitIdentityInfo(***.web.request.SubmitIdentityInfoRequest): [Field error in object 'submitIdentityInfoRequest' on field 'tenantUserId': rejected value []; codes [NotBlank.submitIdentityInfoRequest.tenantUserId,NotBlank.tenantUserId,NotBlank.java.lang.String,NotBlank]; arguments [org.springframework.context.support.DefaultMessageSourceResolvable: codes [submitIdentityInfoRequest.tenantUserId,tenantUserId]; arguments []; default message [tenantUserId]]; default message [渠道用户id不允许为空]] 
[INFO][main][2020-04-14 23:48:52][com.wecash.http.utils.HttpClientUtils] -  实际字段内容为：Key：data  ： Validation failed for argument [0] in public java.lang.Object ***.web.controller.IdentityController.submitIdentityInfo(***.web.request.SubmitIdentityInfoRequest): [Field error in object 'submitIdentityInfoRequest' on field 'tenantUserId': rejected value []; codes [NotBlank.submitIdentityInfoRequest.tenantUserId,NotBlank.tenantUserId,NotBlank.java.lang.String,NotBlank]; arguments [org.springframework.context.support.DefaultMessageSourceResolvable: codes [submitIdentityInfoRequest.tenantUserId,tenantUserId]; arguments []; default message [tenantUserId]]; default message [渠道用户id不允许为空]] 
[INFO][main][2020-04-14 23:48:52][com.wecash.http.utils.HttpClientUtils] -  实际字段内容为：Validation failed for argument [0] in public java.lang.Object ***.web.controller.IdentityController.submitIdentityInfo(***.web.request.SubmitIdentityInfoRequest): [Field error in object 'submitIdentityInfoRequest' on field 'tenantUserId': rejected value []; codes [NotBlank.submitIdentityInfoRequest.tenantUserId,NotBlank.tenantUserId,NotBlank.java.lang.String,NotBlank]; arguments [org.springframework.context.support.DefaultMessageSourceResolvable: codes [submitIdentityInfoRequest.tenantUserId,tenantUserId]; arguments []; default message [tenantUserId]]; default message [渠道用户id不允许为空]]   期望字段内容为：Validation failed for argument [0] in public java.lang.Object ***.web.controller.IdentityController.submitIdentityInfo(***.web.request.SubmitIdentityInfoRequest): [Field error in object 'submitIdentityInfoRequest' on field 'tenantUserId': rejected value []; codes [NotBlank.submitIdentityInfoRequest.tenantUserId,NotBlank.tenantUserId,NotBlank.java.lang.String,NotBlank]; arguments [org.springframework.context.support.DefaultMessageSourceResolvable: codes [submitIdentityInfoRequest.tenantUserId,tenantUserId]; arguments []; default message [tenantUserId]]; default message [渠道用户id不允许为空]]   对比结果为：true
[INFO][main][2020-04-14 23:48:52][com.wecash.http.utils.HttpClientUtils] -  期望字段内容为：Key：resCode  ： E0001
[INFO][main][2020-04-14 23:48:52][com.wecash.http.utils.HttpClientUtils] -  实际字段内容为：Key：resCode  ： E0001
[INFO][main][2020-04-14 23:48:52][com.wecash.http.utils.HttpClientUtils] -  实际字段内容为：E0001  期望字段内容为：E0001  对比结果为：true
[INFO][main][2020-04-14 23:48:52][com.wecash.http.utils.HttpClientUtils] -  期望字段内容为：Key：resMsg  ： 系统错误
[INFO][main][2020-04-14 23:48:52][com.wecash.http.utils.HttpClientUtils] -  实际字段内容为：Key：resMsg  ： 系统错误
[INFO][main][2020-04-14 23:48:52][com.wecash.http.utils.HttpClientUtils] -  实际字段内容为：系统错误  期望字段内容为：系统错误  对比结果为：true
[INFO][main][2020-04-14 23:48:52][com.wecash.http.utils.HttpClientUtils] -  期望字段内容为：Key：successful  ： 0
[INFO][main][2020-04-14 23:48:52][com.wecash.http.utils.HttpClientUtils] -  实际字段内容为：Key：successful  ： 0
[INFO][main][2020-04-14 23:48:52][com.wecash.http.utils.HttpClientUtils] -  实际字段数值为：0  期望字段数值为：0  对比结果为：true
[INFO][main][2020-04-14 23:48:52][com.wecash.http.cases.identitySubmit] - 预期SQL:
[INFO][main][2020-04-14 23:48:53][com.wecash.http.cases.identitySubmit] - 【必传参数-name为空】
[INFO][main][2020-04-14 23:48:53][com.wecash.http.cases.identitySubmit] - -------------> 用例功能描述为：必传参数-name为空
[INFO][main][2020-04-14 23:48:53][com.wecash.http.cases.identitySubmit] - -------------> 期望接口返回为：{
    "resCode": "E0001",
    "resMsg": "系统错误",
    "successful": 0,
    "data": "Validation failed for argument [0] in public java.lang.Object ***.web.controller.IdentityController.submitIdentityInfo(***.web.request.SubmitIdentityInfoRequest): [Field error in object 'submitIdentityInfoRequest' on field 'name': rejected value []; codes [NotBlank.submitIdentityInfoRequest.name,NotBlank.name,NotBlank.java.lang.String,NotBlank]; arguments [org.springframework.context.support.DefaultMessageSourceResolvable: codes [submitIdentityInfoRequest.name,name]; arguments []; default message [name]]; default message [用户名字不允许为空]] "
}
[INFO][main][2020-04-14 23:48:53][com.wecash.http.cases.identitySubmit] - -------------> 接口实际返回为：{"resCode":"E0001","resMsg":"系统错误","successful":0,"data":"Validation failed for argument [0] in public java.lang.Object ***.web.controller.IdentityController.submitIdentityInfo(***.web.request.SubmitIdentityInfoRequest): [Field error in object 'submitIdentityInfoRequest' on field 'name': rejected value []; codes [NotBlank.submitIdentityInfoRequest.name,NotBlank.name,NotBlank.java.lang.String,NotBlank]; arguments [org.springframework.context.support.DefaultMessageSourceResolvable: codes [submitIdentityInfoRequest.name,name]; arguments []; default message [name]]; default message [用户名字不允许为空]] "}
[INFO][main][2020-04-14 23:48:53][com.wecash.http.utils.HttpClientUtils] -  期望字段内容为：Key：data  ： Validation failed for argument [0] in public java.lang.Object ***.web.controller.IdentityController.submitIdentityInfo(***.web.request.SubmitIdentityInfoRequest): [Field error in object 'submitIdentityInfoRequest' on field 'name': rejected value []; codes [NotBlank.submitIdentityInfoRequest.name,NotBlank.name,NotBlank.java.lang.String,NotBlank]; arguments [org.springframework.context.support.DefaultMessageSourceResolvable: codes [submitIdentityInfoRequest.name,name]; arguments []; default message [name]]; default message [用户名字不允许为空]] 
[INFO][main][2020-04-14 23:48:53][com.wecash.http.utils.HttpClientUtils] -  实际字段内容为：Key：data  ： Validation failed for argument [0] in public java.lang.Object ***.web.controller.IdentityController.submitIdentityInfo(***.web.request.SubmitIdentityInfoRequest): [Field error in object 'submitIdentityInfoRequest' on field 'name': rejected value []; codes [NotBlank.submitIdentityInfoRequest.name,NotBlank.name,NotBlank.java.lang.String,NotBlank]; arguments [org.springframework.context.support.DefaultMessageSourceResolvable: codes [submitIdentityInfoRequest.name,name]; arguments []; default message [name]]; default message [用户名字不允许为空]] 
[INFO][main][2020-04-14 23:48:53][com.wecash.http.utils.HttpClientUtils] -  实际字段内容为：Validation failed for argument [0] in public java.lang.Object ***.web.controller.IdentityController.submitIdentityInfo(***.web.request.SubmitIdentityInfoRequest): [Field error in object 'submitIdentityInfoRequest' on field 'name': rejected value []; codes [NotBlank.submitIdentityInfoRequest.name,NotBlank.name,NotBlank.java.lang.String,NotBlank]; arguments [org.springframework.context.support.DefaultMessageSourceResolvable: codes [submitIdentityInfoRequest.name,name]; arguments []; default message [name]]; default message [用户名字不允许为空]]   期望字段内容为：Validation failed for argument [0] in public java.lang.Object ***.web.controller.IdentityController.submitIdentityInfo(***.web.request.SubmitIdentityInfoRequest): [Field error in object 'submitIdentityInfoRequest' on field 'name': rejected value []; codes [NotBlank.submitIdentityInfoRequest.name,NotBlank.name,NotBlank.java.lang.String,NotBlank]; arguments [org.springframework.context.support.DefaultMessageSourceResolvable: codes [submitIdentityInfoRequest.name,name]; arguments []; default message [name]]; default message [用户名字不允许为空]]   对比结果为：true
[INFO][main][2020-04-14 23:48:53][com.wecash.http.utils.HttpClientUtils] -  期望字段内容为：Key：resCode  ： E0001
[INFO][main][2020-04-14 23:48:53][com.wecash.http.utils.HttpClientUtils] -  实际字段内容为：Key：resCode  ： E0001
[INFO][main][2020-04-14 23:48:53][com.wecash.http.utils.HttpClientUtils] -  实际字段内容为：E0001  期望字段内容为：E0001  对比结果为：true
[INFO][main][2020-04-14 23:48:53][com.wecash.http.utils.HttpClientUtils] -  期望字段内容为：Key：resMsg  ： 系统错误
[INFO][main][2020-04-14 23:48:53][com.wecash.http.utils.HttpClientUtils] -  实际字段内容为：Key：resMsg  ： 系统错误
[INFO][main][2020-04-14 23:48:53][com.wecash.http.utils.HttpClientUtils] -  实际字段内容为：系统错误  期望字段内容为：系统错误  对比结果为：true
[INFO][main][2020-04-14 23:48:53][com.wecash.http.utils.HttpClientUtils] -  期望字段内容为：Key：successful  ： 0
[INFO][main][2020-04-14 23:48:53][com.wecash.http.utils.HttpClientUtils] -  实际字段内容为：Key：successful  ： 0
[INFO][main][2020-04-14 23:48:53][com.wecash.http.utils.HttpClientUtils] -  实际字段数值为：0  期望字段数值为：0  对比结果为：true
[INFO][main][2020-04-14 23:48:53][com.wecash.http.cases.identitySubmit] - 预期SQL:
[INFO][main][2020-04-14 23:48:53][com.wecash.http.cases.identitySubmit] - 【必传参数-certNo为空】
[INFO][main][2020-04-14 23:48:53][com.wecash.http.cases.identitySubmit] - -------------> 用例功能描述为：必传参数-certNo为空
[INFO][main][2020-04-14 23:48:53][com.wecash.http.cases.identitySubmit] - -------------> 期望接口返回为：{
    "resCode": "E0001",
    "resMsg": "系统错误",
    "successful": 0,
    "data": "Validation failed for argument [0] in public java.lang.Object ***.web.controller.IdentityController.submitIdentityInfo(***.web.request.SubmitIdentityInfoRequest): [Field error in object 'submitIdentityInfoRequest' on field 'certNo': rejected value []; codes [NotBlank.submitIdentityInfoRequest.certNo,NotBlank.certNo,NotBlank.java.lang.String,NotBlank]; arguments [org.springframework.context.support.DefaultMessageSourceResolvable: codes [submitIdentityInfoRequest.certNo,certNo]; arguments []; default message [certNo]]; default message [证件号码不允许为空]] "
}
[INFO][main][2020-04-14 23:48:53][com.wecash.http.cases.identitySubmit] - -------------> 接口实际返回为：{"resCode":"E0001","resMsg":"系统错误","successful":0,"data":"Validation failed for argument [0] in public java.lang.Object ***.web.controller.IdentityController.submitIdentityInfo(***.web.request.SubmitIdentityInfoRequest): [Field error in object 'submitIdentityInfoRequest' on field 'certNo': rejected value []; codes [NotBlank.submitIdentityInfoRequest.certNo,NotBlank.certNo,NotBlank.java.lang.String,NotBlank]; arguments [org.springframework.context.support.DefaultMessageSourceResolvable: codes [submitIdentityInfoRequest.certNo,certNo]; arguments []; default message [certNo]]; default message [证件号码不允许为空]] "}
[INFO][main][2020-04-14 23:48:53][com.wecash.http.utils.HttpClientUtils] -  期望字段内容为：Key：data  ： Validation failed for argument [0] in public java.lang.Object ***.web.controller.IdentityController.submitIdentityInfo(***.web.request.SubmitIdentityInfoRequest): [Field error in object 'submitIdentityInfoRequest' on field 'certNo': rejected value []; codes [NotBlank.submitIdentityInfoRequest.certNo,NotBlank.certNo,NotBlank.java.lang.String,NotBlank]; arguments [org.springframework.context.support.DefaultMessageSourceResolvable: codes [submitIdentityInfoRequest.certNo,certNo]; arguments []; default message [certNo]]; default message [证件号码不允许为空]] 
[INFO][main][2020-04-14 23:48:53][com.wecash.http.utils.HttpClientUtils] -  实际字段内容为：Key：data  ： Validation failed for argument [0] in public java.lang.Object ***.web.controller.IdentityController.submitIdentityInfo(***.web.request.SubmitIdentityInfoRequest): [Field error in object 'submitIdentityInfoRequest' on field 'certNo': rejected value []; codes [NotBlank.submitIdentityInfoRequest.certNo,NotBlank.certNo,NotBlank.java.lang.String,NotBlank]; arguments [org.springframework.context.support.DefaultMessageSourceResolvable: codes [submitIdentityInfoRequest.certNo,certNo]; arguments []; default message [certNo]]; default message [证件号码不允许为空]] 
[INFO][main][2020-04-14 23:48:53][com.wecash.http.utils.HttpClientUtils] -  实际字段内容为：Validation failed for argument [0] in public java.lang.Object ***.web.controller.IdentityController.submitIdentityInfo(***.web.request.SubmitIdentityInfoRequest): [Field error in object 'submitIdentityInfoRequest' on field 'certNo': rejected value []; codes [NotBlank.submitIdentityInfoRequest.certNo,NotBlank.certNo,NotBlank.java.lang.String,NotBlank]; arguments [org.springframework.context.support.DefaultMessageSourceResolvable: codes [submitIdentityInfoRequest.certNo,certNo]; arguments []; default message [certNo]]; default message [证件号码不允许为空]]   期望字段内容为：Validation failed for argument [0] in public java.lang.Object ***.web.controller.IdentityController.submitIdentityInfo(***.web.request.SubmitIdentityInfoRequest): [Field error in object 'submitIdentityInfoRequest' on field 'certNo': rejected value []; codes [NotBlank.submitIdentityInfoRequest.certNo,NotBlank.certNo,NotBlank.java.lang.String,NotBlank]; arguments [org.springframework.context.support.DefaultMessageSourceResolvable: codes [submitIdentityInfoRequest.certNo,certNo]; arguments []; default message [certNo]]; default message [证件号码不允许为空]]   对比结果为：true
[INFO][main][2020-04-14 23:48:53][com.wecash.http.utils.HttpClientUtils] -  期望字段内容为：Key：resCode  ： E0001
[INFO][main][2020-04-14 23:48:53][com.wecash.http.utils.HttpClientUtils] -  实际字段内容为：Key：resCode  ： E0001
[INFO][main][2020-04-14 23:48:53][com.wecash.http.utils.HttpClientUtils] -  实际字段内容为：E0001  期望字段内容为：E0001  对比结果为：true
[INFO][main][2020-04-14 23:48:53][com.wecash.http.utils.HttpClientUtils] -  期望字段内容为：Key：resMsg  ： 系统错误
[INFO][main][2020-04-14 23:48:53][com.wecash.http.utils.HttpClientUtils] -  实际字段内容为：Key：resMsg  ： 系统错误
[INFO][main][2020-04-14 23:48:53][com.wecash.http.utils.HttpClientUtils] -  实际字段内容为：系统错误  期望字段内容为：系统错误  对比结果为：true
[INFO][main][2020-04-14 23:48:53][com.wecash.http.utils.HttpClientUtils] -  期望字段内容为：Key：successful  ： 0
[INFO][main][2020-04-14 23:48:53][com.wecash.http.utils.HttpClientUtils] -  实际字段内容为：Key：successful  ： 0
[INFO][main][2020-04-14 23:48:53][com.wecash.http.utils.HttpClientUtils] -  实际字段数值为：0  期望字段数值为：0  对比结果为：true
[INFO][main][2020-04-14 23:48:53][com.wecash.http.cases.identitySubmit] - 预期SQL:
[INFO][main][2020-04-14 23:48:54][com.wecash.http.cases.identitySubmit] - 【必传参数-effectiveStartTime为空】
[INFO][main][2020-04-14 23:48:54][com.wecash.http.cases.identitySubmit] - -------------> 用例功能描述为：必传参数-effectiveStartTime为空
[INFO][main][2020-04-14 23:48:54][com.wecash.http.cases.identitySubmit] - -------------> 期望接口返回为：{
    "resCode": "E0000",
    "resMsg": "成功",
    "successful": 1
}
[INFO][main][2020-04-14 23:48:54][com.wecash.http.cases.identitySubmit] - -------------> 接口实际返回为：{"resCode":"E0000","resMsg":"成功","successful":1}
[INFO][main][2020-04-14 23:48:54][com.wecash.http.utils.HttpClientUtils] -  期望字段内容为：Key：resCode  ： E0000
[INFO][main][2020-04-14 23:48:54][com.wecash.http.utils.HttpClientUtils] -  实际字段内容为：Key：resCode  ： E0000
[INFO][main][2020-04-14 23:48:54][com.wecash.http.utils.HttpClientUtils] -  实际字段内容为：E0000  期望字段内容为：E0000  对比结果为：true
[INFO][main][2020-04-14 23:48:54][com.wecash.http.utils.HttpClientUtils] -  期望字段内容为：Key：resMsg  ： 成功
[INFO][main][2020-04-14 23:48:54][com.wecash.http.utils.HttpClientUtils] -  实际字段内容为：Key：resMsg  ： 成功
[INFO][main][2020-04-14 23:48:54][com.wecash.http.utils.HttpClientUtils] -  实际字段内容为：成功  期望字段内容为：成功  对比结果为：true
[INFO][main][2020-04-14 23:48:54][com.wecash.http.utils.HttpClientUtils] -  期望字段内容为：Key：successful  ： 1
[INFO][main][2020-04-14 23:48:54][com.wecash.http.utils.HttpClientUtils] -  实际字段内容为：Key：successful  ： 1
[INFO][main][2020-04-14 23:48:54][com.wecash.http.utils.HttpClientUtils] -  实际字段数值为：1  期望字段数值为：1  对比结果为：true
[INFO][main][2020-04-14 23:48:54][com.wecash.http.cases.identitySubmit] - 预期SQL:
[INFO][main][2020-04-14 23:48:55][com.wecash.http.cases.identitySubmit] - 【必传参数-effectiveEndTime为空】
[INFO][main][2020-04-14 23:48:55][com.wecash.http.cases.identitySubmit] - -------------> 用例功能描述为：必传参数-effectiveEndTime为空
[INFO][main][2020-04-14 23:48:55][com.wecash.http.cases.identitySubmit] - -------------> 期望接口返回为：{
    "resCode": "E0000",
    "resMsg": "成功",
    "successful": 1
}
[INFO][main][2020-04-14 23:48:55][com.wecash.http.cases.identitySubmit] - -------------> 接口实际返回为：{"resCode":"E0000","resMsg":"成功","successful":1}
[INFO][main][2020-04-14 23:48:55][com.wecash.http.utils.HttpClientUtils] -  期望字段内容为：Key：resCode  ： E0000
[INFO][main][2020-04-14 23:48:55][com.wecash.http.utils.HttpClientUtils] -  实际字段内容为：Key：resCode  ： E0000
[INFO][main][2020-04-14 23:48:55][com.wecash.http.utils.HttpClientUtils] -  实际字段内容为：E0000  期望字段内容为：E0000  对比结果为：true
[INFO][main][2020-04-14 23:48:55][com.wecash.http.utils.HttpClientUtils] -  期望字段内容为：Key：resMsg  ： 成功
[INFO][main][2020-04-14 23:48:55][com.wecash.http.utils.HttpClientUtils] -  实际字段内容为：Key：resMsg  ： 成功
[INFO][main][2020-04-14 23:48:55][com.wecash.http.utils.HttpClientUtils] -  实际字段内容为：成功  期望字段内容为：成功  对比结果为：true
[INFO][main][2020-04-14 23:48:55][com.wecash.http.utils.HttpClientUtils] -  期望字段内容为：Key：successful  ： 1
[INFO][main][2020-04-14 23:48:55][com.wecash.http.utils.HttpClientUtils] -  实际字段内容为：Key：successful  ： 1
[INFO][main][2020-04-14 23:48:55][com.wecash.http.utils.HttpClientUtils] -  实际字段数值为：1  期望字段数值为：1  对比结果为：true
[INFO][main][2020-04-14 23:48:55][com.wecash.http.cases.identitySubmit] - 预期SQL:
[INFO][main][2020-04-14 23:48:55][com.wecash.http.cases.identitySubmit] - 【必传参数-tenantId缺失】
[INFO][main][2020-04-14 23:48:55][com.wecash.http.cases.identitySubmit] - -------------> 用例功能描述为：必传参数-tenantId缺失
[INFO][main][2020-04-14 23:48:55][com.wecash.http.cases.identitySubmit] - -------------> 期望接口返回为：{
    "resCode": "E0001",
    "resMsg": "系统错误",
    "successful": 0,
    "data": "Validation failed for argument [0] in public java.lang.Object ***.web.controller.IdentityController.submitIdentityInfo(***.web.request.SubmitIdentityInfoRequest): [Field error in object 'submitIdentityInfoRequest' on field 'tenantId': rejected value [null]; codes [NotEmpty.submitIdentityInfoRequest.tenantId,NotEmpty.tenantId,NotEmpty.java.lang.String,NotEmpty]; arguments [org.springframework.context.support.DefaultMessageSourceResolvable: codes [submitIdentityInfoRequest.tenantId,tenantId]; arguments []; default message [tenantId]]; default message [用户租户号不允许为空]] "
}
[INFO][main][2020-04-14 23:48:55][com.wecash.http.cases.identitySubmit] - -------------> 接口实际返回为：{"resCode":"E0001","resMsg":"系统错误","successful":0,"data":"Validation failed for argument [0] in public java.lang.Object ***.web.controller.IdentityController.submitIdentityInfo(***.web.request.SubmitIdentityInfoRequest): [Field error in object 'submitIdentityInfoRequest' on field 'tenantId': rejected value [null]; codes [NotEmpty.submitIdentityInfoRequest.tenantId,NotEmpty.tenantId,NotEmpty.java.lang.String,NotEmpty]; arguments [org.springframework.context.support.DefaultMessageSourceResolvable: codes [submitIdentityInfoRequest.tenantId,tenantId]; arguments []; default message [tenantId]]; default message [用户租户号不允许为空]] "}
[INFO][main][2020-04-14 23:48:55][com.wecash.http.utils.HttpClientUtils] -  期望字段内容为：Key：data  ： Validation failed for argument [0] in public java.lang.Object ***.web.controller.IdentityController.submitIdentityInfo(***.web.request.SubmitIdentityInfoRequest): [Field error in object 'submitIdentityInfoRequest' on field 'tenantId': rejected value [null]; codes [NotEmpty.submitIdentityInfoRequest.tenantId,NotEmpty.tenantId,NotEmpty.java.lang.String,NotEmpty]; arguments [org.springframework.context.support.DefaultMessageSourceResolvable: codes [submitIdentityInfoRequest.tenantId,tenantId]; arguments []; default message [tenantId]]; default message [用户租户号不允许为空]] 
[INFO][main][2020-04-14 23:48:55][com.wecash.http.utils.HttpClientUtils] -  实际字段内容为：Key：data  ： Validation failed for argument [0] in public java.lang.Object ***.web.controller.IdentityController.submitIdentityInfo(***.web.request.SubmitIdentityInfoRequest): [Field error in object 'submitIdentityInfoRequest' on field 'tenantId': rejected value [null]; codes [NotEmpty.submitIdentityInfoRequest.tenantId,NotEmpty.tenantId,NotEmpty.java.lang.String,NotEmpty]; arguments [org.springframework.context.support.DefaultMessageSourceResolvable: codes [submitIdentityInfoRequest.tenantId,tenantId]; arguments []; default message [tenantId]]; default message [用户租户号不允许为空]] 
[INFO][main][2020-04-14 23:48:55][com.wecash.http.utils.HttpClientUtils] -  实际字段内容为：Validation failed for argument [0] in public java.lang.Object ***.web.controller.IdentityController.submitIdentityInfo(***.web.request.SubmitIdentityInfoRequest): [Field error in object 'submitIdentityInfoRequest' on field 'tenantId': rejected value [null]; codes [NotEmpty.submitIdentityInfoRequest.tenantId,NotEmpty.tenantId,NotEmpty.java.lang.String,NotEmpty]; arguments [org.springframework.context.support.DefaultMessageSourceResolvable: codes [submitIdentityInfoRequest.tenantId,tenantId]; arguments []; default message [tenantId]]; default message [用户租户号不允许为空]]   期望字段内容为：Validation failed for argument [0] in public java.lang.Object ***.web.controller.IdentityController.submitIdentityInfo(***.web.request.SubmitIdentityInfoRequest): [Field error in object 'submitIdentityInfoRequest' on field 'tenantId': rejected value [null]; codes [NotEmpty.submitIdentityInfoRequest.tenantId,NotEmpty.tenantId,NotEmpty.java.lang.String,NotEmpty]; arguments [org.springframework.context.support.DefaultMessageSourceResolvable: codes [submitIdentityInfoRequest.tenantId,tenantId]; arguments []; default message [tenantId]]; default message [用户租户号不允许为空]]   对比结果为：true
[INFO][main][2020-04-14 23:48:55][com.wecash.http.utils.HttpClientUtils] -  期望字段内容为：Key：resCode  ： E0001
[INFO][main][2020-04-14 23:48:55][com.wecash.http.utils.HttpClientUtils] -  实际字段内容为：Key：resCode  ： E0001
[INFO][main][2020-04-14 23:48:55][com.wecash.http.utils.HttpClientUtils] -  实际字段内容为：E0001  期望字段内容为：E0001  对比结果为：true
[INFO][main][2020-04-14 23:48:55][com.wecash.http.utils.HttpClientUtils] -  期望字段内容为：Key：resMsg  ： 系统错误
[INFO][main][2020-04-14 23:48:55][com.wecash.http.utils.HttpClientUtils] -  实际字段内容为：Key：resMsg  ： 系统错误
[INFO][main][2020-04-14 23:48:55][com.wecash.http.utils.HttpClientUtils] -  实际字段内容为：系统错误  期望字段内容为：系统错误  对比结果为：true
[INFO][main][2020-04-14 23:48:55][com.wecash.http.utils.HttpClientUtils] -  期望字段内容为：Key：successful  ： 0
[INFO][main][2020-04-14 23:48:55][com.wecash.http.utils.HttpClientUtils] -  实际字段内容为：Key：successful  ： 0
[INFO][main][2020-04-14 23:48:55][com.wecash.http.utils.HttpClientUtils] -  实际字段数值为：0  期望字段数值为：0  对比结果为：true
[INFO][main][2020-04-14 23:48:55][com.wecash.http.cases.identitySubmit] - 预期SQL:
[INFO][main][2020-04-14 23:48:55][com.wecash.http.cases.identitySubmit] - 【必传参数-tenantUserId缺失】
[INFO][main][2020-04-14 23:48:55][com.wecash.http.cases.identitySubmit] - -------------> 用例功能描述为：必传参数-tenantUserId缺失
[INFO][main][2020-04-14 23:48:55][com.wecash.http.cases.identitySubmit] - -------------> 期望接口返回为：{
    "resCode": "E0001",
    "resMsg": "系统错误",
    "successful": 0,
    "data": "Validation failed for argument [0] in public java.lang.Object ***.web.controller.IdentityController.submitIdentityInfo(***.web.request.SubmitIdentityInfoRequest): [Field error in object 'submitIdentityInfoRequest' on field 'tenantUserId': rejected value [null]; codes [NotBlank.submitIdentityInfoRequest.tenantUserId,NotBlank.tenantUserId,NotBlank.java.lang.String,NotBlank]; arguments [org.springframework.context.support.DefaultMessageSourceResolvable: codes [submitIdentityInfoRequest.tenantUserId,tenantUserId]; arguments []; default message [tenantUserId]]; default message [渠道用户id不允许为空]] "
}
[INFO][main][2020-04-14 23:48:55][com.wecash.http.cases.identitySubmit] - -------------> 接口实际返回为：{"resCode":"E0001","resMsg":"系统错误","successful":0,"data":"Validation failed for argument [0] in public java.lang.Object ***.web.controller.IdentityController.submitIdentityInfo(***.web.request.SubmitIdentityInfoRequest): [Field error in object 'submitIdentityInfoRequest' on field 'tenantUserId': rejected value [null]; codes [NotBlank.submitIdentityInfoRequest.tenantUserId,NotBlank.tenantUserId,NotBlank.java.lang.String,NotBlank]; arguments [org.springframework.context.support.DefaultMessageSourceResolvable: codes [submitIdentityInfoRequest.tenantUserId,tenantUserId]; arguments []; default message [tenantUserId]]; default message [渠道用户id不允许为空]] "}
[INFO][main][2020-04-14 23:48:55][com.wecash.http.utils.HttpClientUtils] -  期望字段内容为：Key：data  ： Validation failed for argument [0] in public java.lang.Object ***.web.controller.IdentityController.submitIdentityInfo(***.web.request.SubmitIdentityInfoRequest): [Field error in object 'submitIdentityInfoRequest' on field 'tenantUserId': rejected value [null]; codes [NotBlank.submitIdentityInfoRequest.tenantUserId,NotBlank.tenantUserId,NotBlank.java.lang.String,NotBlank]; arguments [org.springframework.context.support.DefaultMessageSourceResolvable: codes [submitIdentityInfoRequest.tenantUserId,tenantUserId]; arguments []; default message [tenantUserId]]; default message [渠道用户id不允许为空]] 
[INFO][main][2020-04-14 23:48:55][com.wecash.http.utils.HttpClientUtils] -  实际字段内容为：Key：data  ： Validation failed for argument [0] in public java.lang.Object ***.web.controller.IdentityController.submitIdentityInfo(***.web.request.SubmitIdentityInfoRequest): [Field error in object 'submitIdentityInfoRequest' on field 'tenantUserId': rejected value [null]; codes [NotBlank.submitIdentityInfoRequest.tenantUserId,NotBlank.tenantUserId,NotBlank.java.lang.String,NotBlank]; arguments [org.springframework.context.support.DefaultMessageSourceResolvable: codes [submitIdentityInfoRequest.tenantUserId,tenantUserId]; arguments []; default message [tenantUserId]]; default message [渠道用户id不允许为空]] 
[INFO][main][2020-04-14 23:48:55][com.wecash.http.utils.HttpClientUtils] -  实际字段内容为：Validation failed for argument [0] in public java.lang.Object ***.web.controller.IdentityController.submitIdentityInfo(***.web.request.SubmitIdentityInfoRequest): [Field error in object 'submitIdentityInfoRequest' on field 'tenantUserId': rejected value [null]; codes [NotBlank.submitIdentityInfoRequest.tenantUserId,NotBlank.tenantUserId,NotBlank.java.lang.String,NotBlank]; arguments [org.springframework.context.support.DefaultMessageSourceResolvable: codes [submitIdentityInfoRequest.tenantUserId,tenantUserId]; arguments []; default message [tenantUserId]]; default message [渠道用户id不允许为空]]   期望字段内容为：Validation failed for argument [0] in public java.lang.Object ***.web.controller.IdentityController.submitIdentityInfo(***.web.request.SubmitIdentityInfoRequest): [Field error in object 'submitIdentityInfoRequest' on field 'tenantUserId': rejected value [null]; codes [NotBlank.submitIdentityInfoRequest.tenantUserId,NotBlank.tenantUserId,NotBlank.java.lang.String,NotBlank]; arguments [org.springframework.context.support.DefaultMessageSourceResolvable: codes [submitIdentityInfoRequest.tenantUserId,tenantUserId]; arguments []; default message [tenantUserId]]; default message [渠道用户id不允许为空]]   对比结果为：true
[INFO][main][2020-04-14 23:48:55][com.wecash.http.utils.HttpClientUtils] -  期望字段内容为：Key：resCode  ： E0001
[INFO][main][2020-04-14 23:48:55][com.wecash.http.utils.HttpClientUtils] -  实际字段内容为：Key：resCode  ： E0001
[INFO][main][2020-04-14 23:48:55][com.wecash.http.utils.HttpClientUtils] -  实际字段内容为：E0001  期望字段内容为：E0001  对比结果为：true
[INFO][main][2020-04-14 23:48:55][com.wecash.http.utils.HttpClientUtils] -  期望字段内容为：Key：resMsg  ： 系统错误
[INFO][main][2020-04-14 23:48:55][com.wecash.http.utils.HttpClientUtils] -  实际字段内容为：Key：resMsg  ： 系统错误
[INFO][main][2020-04-14 23:48:55][com.wecash.http.utils.HttpClientUtils] -  实际字段内容为：系统错误  期望字段内容为：系统错误  对比结果为：true
[INFO][main][2020-04-14 23:48:55][com.wecash.http.utils.HttpClientUtils] -  期望字段内容为：Key：successful  ： 0
[INFO][main][2020-04-14 23:48:55][com.wecash.http.utils.HttpClientUtils] -  实际字段内容为：Key：successful  ： 0
[INFO][main][2020-04-14 23:48:55][com.wecash.http.utils.HttpClientUtils] -  实际字段数值为：0  期望字段数值为：0  对比结果为：true
[INFO][main][2020-04-14 23:48:55][com.wecash.http.cases.identitySubmit] - 预期SQL:
[INFO][main][2020-04-14 23:48:56][com.wecash.http.cases.identitySubmit] - 【必传参数-name缺失】
[INFO][main][2020-04-14 23:48:56][com.wecash.http.cases.identitySubmit] - -------------> 用例功能描述为：必传参数-name缺失
[INFO][main][2020-04-14 23:48:56][com.wecash.http.cases.identitySubmit] - -------------> 期望接口返回为：{
    "resCode": "E0001",
    "resMsg": "系统错误",
    "successful": 0,
    "data": "Validation failed for argument [0] in public java.lang.Object ***.web.controller.IdentityController.submitIdentityInfo(***.web.request.SubmitIdentityInfoRequest): [Field error in object 'submitIdentityInfoRequest' on field 'name': rejected value [null]; codes [NotBlank.submitIdentityInfoRequest.name,NotBlank.name,NotBlank.java.lang.String,NotBlank]; arguments [org.springframework.context.support.DefaultMessageSourceResolvable: codes [submitIdentityInfoRequest.name,name]; arguments []; default message [name]]; default message [用户名字不允许为空]] "
}
[INFO][main][2020-04-14 23:48:56][com.wecash.http.cases.identitySubmit] - -------------> 接口实际返回为：{"resCode":"E0001","resMsg":"系统错误","successful":0,"data":"Validation failed for argument [0] in public java.lang.Object ***.web.controller.IdentityController.submitIdentityInfo(***.web.request.SubmitIdentityInfoRequest): [Field error in object 'submitIdentityInfoRequest' on field 'name': rejected value [null]; codes [NotBlank.submitIdentityInfoRequest.name,NotBlank.name,NotBlank.java.lang.String,NotBlank]; arguments [org.springframework.context.support.DefaultMessageSourceResolvable: codes [submitIdentityInfoRequest.name,name]; arguments []; default message [name]]; default message [用户名字不允许为空]] "}
[INFO][main][2020-04-14 23:48:56][com.wecash.http.utils.HttpClientUtils] -  期望字段内容为：Key：data  ： Validation failed for argument [0] in public java.lang.Object ***.web.controller.IdentityController.submitIdentityInfo(***.web.request.SubmitIdentityInfoRequest): [Field error in object 'submitIdentityInfoRequest' on field 'name': rejected value [null]; codes [NotBlank.submitIdentityInfoRequest.name,NotBlank.name,NotBlank.java.lang.String,NotBlank]; arguments [org.springframework.context.support.DefaultMessageSourceResolvable: codes [submitIdentityInfoRequest.name,name]; arguments []; default message [name]]; default message [用户名字不允许为空]] 
[INFO][main][2020-04-14 23:48:56][com.wecash.http.utils.HttpClientUtils] -  实际字段内容为：Key：data  ： Validation failed for argument [0] in public java.lang.Object ***.web.controller.IdentityController.submitIdentityInfo(***.web.request.SubmitIdentityInfoRequest): [Field error in object 'submitIdentityInfoRequest' on field 'name': rejected value [null]; codes [NotBlank.submitIdentityInfoRequest.name,NotBlank.name,NotBlank.java.lang.String,NotBlank]; arguments [org.springframework.context.support.DefaultMessageSourceResolvable: codes [submitIdentityInfoRequest.name,name]; arguments []; default message [name]]; default message [用户名字不允许为空]] 
[INFO][main][2020-04-14 23:48:56][com.wecash.http.utils.HttpClientUtils] -  实际字段内容为：Validation failed for argument [0] in public java.lang.Object ***.web.controller.IdentityController.submitIdentityInfo(***.web.request.SubmitIdentityInfoRequest): [Field error in object 'submitIdentityInfoRequest' on field 'name': rejected value [null]; codes [NotBlank.submitIdentityInfoRequest.name,NotBlank.name,NotBlank.java.lang.String,NotBlank]; arguments [org.springframework.context.support.DefaultMessageSourceResolvable: codes [submitIdentityInfoRequest.name,name]; arguments []; default message [name]]; default message [用户名字不允许为空]]   期望字段内容为：Validation failed for argument [0] in public java.lang.Object ***.web.controller.IdentityController.submitIdentityInfo(***.web.request.SubmitIdentityInfoRequest): [Field error in object 'submitIdentityInfoRequest' on field 'name': rejected value [null]; codes [NotBlank.submitIdentityInfoRequest.name,NotBlank.name,NotBlank.java.lang.String,NotBlank]; arguments [org.springframework.context.support.DefaultMessageSourceResolvable: codes [submitIdentityInfoRequest.name,name]; arguments []; default message [name]]; default message [用户名字不允许为空]]   对比结果为：true
[INFO][main][2020-04-14 23:48:56][com.wecash.http.utils.HttpClientUtils] -  期望字段内容为：Key：resCode  ： E0001
[INFO][main][2020-04-14 23:48:56][com.wecash.http.utils.HttpClientUtils] -  实际字段内容为：Key：resCode  ： E0001
[INFO][main][2020-04-14 23:48:56][com.wecash.http.utils.HttpClientUtils] -  实际字段内容为：E0001  期望字段内容为：E0001  对比结果为：true
[INFO][main][2020-04-14 23:48:56][com.wecash.http.utils.HttpClientUtils] -  期望字段内容为：Key：resMsg  ： 系统错误
[INFO][main][2020-04-14 23:48:56][com.wecash.http.utils.HttpClientUtils] -  实际字段内容为：Key：resMsg  ： 系统错误
[INFO][main][2020-04-14 23:48:56][com.wecash.http.utils.HttpClientUtils] -  实际字段内容为：系统错误  期望字段内容为：系统错误  对比结果为：true
[INFO][main][2020-04-14 23:48:56][com.wecash.http.utils.HttpClientUtils] -  期望字段内容为：Key：successful  ： 0
[INFO][main][2020-04-14 23:48:56][com.wecash.http.utils.HttpClientUtils] -  实际字段内容为：Key：successful  ： 0
[INFO][main][2020-04-14 23:48:56][com.wecash.http.utils.HttpClientUtils] -  实际字段数值为：0  期望字段数值为：0  对比结果为：true
[INFO][main][2020-04-14 23:48:56][com.wecash.http.cases.identitySubmit] - 预期SQL:
[INFO][main][2020-04-14 23:48:56][com.wecash.http.cases.identitySubmit] - 【必传参数-certNo缺失】
[INFO][main][2020-04-14 23:48:56][com.wecash.http.cases.identitySubmit] - -------------> 用例功能描述为：必传参数-certNo缺失
[INFO][main][2020-04-14 23:48:56][com.wecash.http.cases.identitySubmit] - -------------> 期望接口返回为：{
    "resCode": "E0001",
    "resMsg": "系统错误",
    "successful": 0,
    "data": "Validation failed for argument [0] in public java.lang.Object ***.web.controller.IdentityController.submitIdentityInfo(***.web.request.SubmitIdentityInfoRequest): [Field error in object 'submitIdentityInfoRequest' on field 'certNo': rejected value [null]; codes [NotBlank.submitIdentityInfoRequest.certNo,NotBlank.certNo,NotBlank.java.lang.String,NotBlank]; arguments [org.springframework.context.support.DefaultMessageSourceResolvable: codes [submitIdentityInfoRequest.certNo,certNo]; arguments []; default message [certNo]]; default message [证件号码不允许为空]] "
}
[INFO][main][2020-04-14 23:48:56][com.wecash.http.cases.identitySubmit] - -------------> 接口实际返回为：{"resCode":"E0001","resMsg":"系统错误","successful":0,"data":"Validation failed for argument [0] in public java.lang.Object ***.web.controller.IdentityController.submitIdentityInfo(***.web.request.SubmitIdentityInfoRequest): [Field error in object 'submitIdentityInfoRequest' on field 'certNo': rejected value [null]; codes [NotBlank.submitIdentityInfoRequest.certNo,NotBlank.certNo,NotBlank.java.lang.String,NotBlank]; arguments [org.springframework.context.support.DefaultMessageSourceResolvable: codes [submitIdentityInfoRequest.certNo,certNo]; arguments []; default message [certNo]]; default message [证件号码不允许为空]] "}
[INFO][main][2020-04-14 23:48:56][com.wecash.http.utils.HttpClientUtils] -  期望字段内容为：Key：data  ： Validation failed for argument [0] in public java.lang.Object ***.web.controller.IdentityController.submitIdentityInfo(***.web.request.SubmitIdentityInfoRequest): [Field error in object 'submitIdentityInfoRequest' on field 'certNo': rejected value [null]; codes [NotBlank.submitIdentityInfoRequest.certNo,NotBlank.certNo,NotBlank.java.lang.String,NotBlank]; arguments [org.springframework.context.support.DefaultMessageSourceResolvable: codes [submitIdentityInfoRequest.certNo,certNo]; arguments []; default message [certNo]]; default message [证件号码不允许为空]] 
[INFO][main][2020-04-14 23:48:56][com.wecash.http.utils.HttpClientUtils] -  实际字段内容为：Key：data  ： Validation failed for argument [0] in public java.lang.Object ***.web.controller.IdentityController.submitIdentityInfo(***.web.request.SubmitIdentityInfoRequest): [Field error in object 'submitIdentityInfoRequest' on field 'certNo': rejected value [null]; codes [NotBlank.submitIdentityInfoRequest.certNo,NotBlank.certNo,NotBlank.java.lang.String,NotBlank]; arguments [org.springframework.context.support.DefaultMessageSourceResolvable: codes [submitIdentityInfoRequest.certNo,certNo]; arguments []; default message [certNo]]; default message [证件号码不允许为空]] 
[INFO][main][2020-04-14 23:48:56][com.wecash.http.utils.HttpClientUtils] -  实际字段内容为：Validation failed for argument [0] in public java.lang.Object ***.web.controller.IdentityController.submitIdentityInfo(***.web.request.SubmitIdentityInfoRequest): [Field error in object 'submitIdentityInfoRequest' on field 'certNo': rejected value [null]; codes [NotBlank.submitIdentityInfoRequest.certNo,NotBlank.certNo,NotBlank.java.lang.String,NotBlank]; arguments [org.springframework.context.support.DefaultMessageSourceResolvable: codes [submitIdentityInfoRequest.certNo,certNo]; arguments []; default message [certNo]]; default message [证件号码不允许为空]]   期望字段内容为：Validation failed for argument [0] in public java.lang.Object ***.web.controller.IdentityController.submitIdentityInfo(***.web.request.SubmitIdentityInfoRequest): [Field error in object 'submitIdentityInfoRequest' on field 'certNo': rejected value [null]; codes [NotBlank.submitIdentityInfoRequest.certNo,NotBlank.certNo,NotBlank.java.lang.String,NotBlank]; arguments [org.springframework.context.support.DefaultMessageSourceResolvable: codes [submitIdentityInfoRequest.certNo,certNo]; arguments []; default message [certNo]]; default message [证件号码不允许为空]]   对比结果为：true
[INFO][main][2020-04-14 23:48:56][com.wecash.http.utils.HttpClientUtils] -  期望字段内容为：Key：resCode  ： E0001
[INFO][main][2020-04-14 23:48:56][com.wecash.http.utils.HttpClientUtils] -  实际字段内容为：Key：resCode  ： E0001
[INFO][main][2020-04-14 23:48:56][com.wecash.http.utils.HttpClientUtils] -  实际字段内容为：E0001  期望字段内容为：E0001  对比结果为：true
[INFO][main][2020-04-14 23:48:56][com.wecash.http.utils.HttpClientUtils] -  期望字段内容为：Key：resMsg  ： 系统错误
[INFO][main][2020-04-14 23:48:56][com.wecash.http.utils.HttpClientUtils] -  实际字段内容为：Key：resMsg  ： 系统错误
[INFO][main][2020-04-14 23:48:56][com.wecash.http.utils.HttpClientUtils] -  实际字段内容为：系统错误  期望字段内容为：系统错误  对比结果为：true
[INFO][main][2020-04-14 23:48:56][com.wecash.http.utils.HttpClientUtils] -  期望字段内容为：Key：successful  ： 0
[INFO][main][2020-04-14 23:48:56][com.wecash.http.utils.HttpClientUtils] -  实际字段内容为：Key：successful  ： 0
[INFO][main][2020-04-14 23:48:56][com.wecash.http.utils.HttpClientUtils] -  实际字段数值为：0  期望字段数值为：0  对比结果为：true
[INFO][main][2020-04-14 23:48:56][com.wecash.http.cases.identitySubmit] - 预期SQL:
